26-Feb-2020 08:09:49.553 INFORMACIÓN [main] org.apache.catalina.startup.VersionLoggerListener.log Nombre de la versión del servidor:   Apache Tomcat/9.0.31

26-Feb-2020 08:09:49.558 INFORMACIÓN [main] org.apache.catalina.startup.VersionLoggerListener.log Server built:          Feb 5 2020 19:32:12 UTC
26-Feb-2020 08:09:49.559 INFORMACIÓN [main] org.apache.catalina.startup.VersionLoggerListener.log Número de versión de servidor:         9.0.31.0
26-Feb-2020 08:09:49.559 INFORMACIÓN [main] org.apache.catalina.startup.VersionLoggerListener.log OS Name:               Windows 10
26-Feb-2020 08:09:49.560 INFORMACIÓN [main] org.apache.catalina.startup.VersionLoggerListener.log Versión de Systema Operativo:      10.0

26-Feb-2020 08:09:49.560 INFORMACIÓN [main] org.apache.catalina.startup.VersionLoggerListener.log Arquitectura:          amd64

26-Feb-2020 08:09:49.561 INFORMACIÓN [main] org.apache.catalina.startup.VersionLoggerListener.log Java Home:             C:\Program Files\Java\jdk1.8.0_241\jre
26-Feb-2020 08:09:49.561 INFORMACIÓN [main] org.apache.catalina.startup.VersionLoggerListener.log JVM Version:           1.8.0_241-b07
26-Feb-2020 08:09:49.563 INFORMACIÓN [main] org.apache.catalina.startup.VersionLoggerListener.log Vededor JVM:     Oracle Corporation
26-Feb-2020 08:09:49.563 INFORMACIÓN [main] org.apache.catalina.startup.VersionLoggerListener.log CATALINA_BASE:         C:\Users\Jacobo.montero\Documents\reservasalasoptimissa\apache-tomcat-9.0.31
26-Feb-2020 08:09:49.565 INFORMACIÓN [main] org.apache.catalina.startup.VersionLoggerListener.log CATALINA_HOME:         C:\Users\Jacobo.montero\Documents\reservasalasoptimissa\apache-tomcat-9.0.31
26-Feb-2020 08:09:49.566 INFORMACIÓN [main] org.apache.catalina.startup.VersionLoggerListener.log Command line argument: -Djava.util.logging.config.file=C:\Users\Jacobo.montero\Documents\reservasalasoptimissa\apache-tomcat-9.0.31\conf\logging.properties
26-Feb-2020 08:09:49.569 INFORMACIÓN [main] org.apache.catalina.startup.VersionLoggerListener.log Command line argument: -Djava.util.logging.manager=org.apache.juli.ClassLoaderLogManager
26-Feb-2020 08:09:49.570 INFORMACIÓN [main] org.apache.catalina.startup.VersionLoggerListener.log Command line argument: -Djdk.tls.ephemeralDHKeySize=2048
26-Feb-2020 08:09:49.571 INFORMACIÓN [main] org.apache.catalina.startup.VersionLoggerListener.log Command line argument: -Djava.protocol.handler.pkgs=org.apache.catalina.webresources
26-Feb-2020 08:09:49.572 INFORMACIÓN [main] org.apache.catalina.startup.VersionLoggerListener.log Command line argument: -Dignore.endorsed.dirs=
26-Feb-2020 08:09:49.573 INFORMACIÓN [main] org.apache.catalina.startup.VersionLoggerListener.log Command line argument: -Dcatalina.base=C:\Users\Jacobo.montero\Documents\reservasalasoptimissa\apache-tomcat-9.0.31
26-Feb-2020 08:09:49.573 INFORMACIÓN [main] org.apache.catalina.startup.VersionLoggerListener.log Command line argument: -Dcatalina.home=C:\Users\Jacobo.montero\Documents\reservasalasoptimissa\apache-tomcat-9.0.31
26-Feb-2020 08:09:49.574 INFORMACIÓN [main] org.apache.catalina.startup.VersionLoggerListener.log Command line argument: -Djava.io.tmpdir=C:\Users\Jacobo.montero\Documents\reservasalasoptimissa\apache-tomcat-9.0.31\temp
26-Feb-2020 08:09:49.575 INFORMACIÓN [main] org.apache.catalina.core.AprLifecycleListener.lifecycleEvent Cargada la biblioteca nativa APR de Apache Tomcat [1.2.23] con la versión APR [1.7.0].
26-Feb-2020 08:09:49.576 INFORMACIÓN [main] org.apache.catalina.core.AprLifecycleListener.lifecycleEvent Capacidades APR: IPv6 [true], enviar fichero [true], aceptar filtros [false], aleatorio [true].
26-Feb-2020 08:09:49.577 INFORMACIÓN [main] org.apache.catalina.core.AprLifecycleListener.lifecycleEvent APR/OpenSSL configuration: useAprConnector [false], useOpenSSL [true]
26-Feb-2020 08:09:49.598 INFORMACIÓN [main] org.apache.catalina.core.AprLifecycleListener.initializeSSL OpenSSL inicializado correctamente [OpenSSL 1.1.1c  28 May 2019]
26-Feb-2020 08:09:50.035 INFORMACIÓN [main] org.apache.coyote.AbstractProtocol.init Inicializando el manejador de protocolo ["http-nio-8080"]

26-Feb-2020 08:09:50.509 INFORMACIÓN [main] org.apache.catalina.startup.Catalina.load Server initialization in [1.268] milliseconds
26-Feb-2020 08:09:50.576 INFORMACIÓN [main] org.apache.catalina.core.StandardService.startInternal Arrancando servicio [Catalina]
26-Feb-2020 08:09:50.577 INFORMACIÓN [main] org.apache.catalina.core.StandardEngine.startInternal Starting Servlet engine: [Apache Tomcat/9.0.31]
26-Feb-2020 08:09:50.612 INFORMACIÓN [main] org.apache.catalina.startup.HostConfig.deployWAR Despliegue del archivo [C:\Users\Jacobo.montero\Documents\reservasalasoptimissa\apache-tomcat-9.0.31\webapps\reserva-0.0.1-SNAPSHOT.war] de la aplicación web
26-Feb-2020 08:09:56.154 INFORMACIÓN [main] org.apache.jasper.servlet.TldScanner.scanJars Al menos un JAR, que se ha explorado buscando TLDs, aún no contenía TLDs. Activar historial de depuración para este historiador para una completa lista de los JARs que fueron explorados y de los que nos se halló TLDs. Saltarse JARs no necesarios durante la exploración puede dar lugar a una mejora de tiempo significativa en el arranque y compilación de JSP .
26-Feb-2020 08:10:10.854 INFORMACIÓN [main] org.apache.catalina.startup.HostConfig.deployWAR Deployment of web application archive [C:\Users\Jacobo.montero\Documents\reservasalasoptimissa\apache-tomcat-9.0.31\webapps\reserva-0.0.1-SNAPSHOT.war] has finished in [20.242] ms
26-Feb-2020 08:10:10.856 INFORMACIÓN [main] org.apache.catalina.startup.HostConfig.deployDirectory Desplegando el directorio [C:\Users\Jacobo.montero\Documents\reservasalasoptimissa\apache-tomcat-9.0.31\webapps\docs] de la aplicación web
26-Feb-2020 08:10:10.904 INFORMACIÓN [main] org.apache.catalina.startup.HostConfig.deployDirectory Deployment of web application directory [C:\Users\Jacobo.montero\Documents\reservasalasoptimissa\apache-tomcat-9.0.31\webapps\docs] has finished in [48] ms
26-Feb-2020 08:10:10.905 INFORMACIÓN [main] org.apache.catalina.startup.HostConfig.deployDirectory Desplegando el directorio [C:\Users\Jacobo.montero\Documents\reservasalasoptimissa\apache-tomcat-9.0.31\webapps\examples] de la aplicación web
26-Feb-2020 08:10:12.688 INFORMACIÓN [main] org.apache.catalina.startup.HostConfig.deployDirectory Deployment of web application directory [C:\Users\Jacobo.montero\Documents\reservasalasoptimissa\apache-tomcat-9.0.31\webapps\examples] has finished in [1.782] ms
26-Feb-2020 08:10:12.689 INFORMACIÓN [main] org.apache.catalina.startup.HostConfig.deployDirectory Desplegando el directorio [C:\Users\Jacobo.montero\Documents\reservasalasoptimissa\apache-tomcat-9.0.31\webapps\host-manager] de la aplicación web
26-Feb-2020 08:10:12.759 INFORMACIÓN [main] org.apache.catalina.startup.HostConfig.deployDirectory Deployment of web application directory [C:\Users\Jacobo.montero\Documents\reservasalasoptimissa\apache-tomcat-9.0.31\webapps\host-manager] has finished in [71] ms
26-Feb-2020 08:10:12.761 INFORMACIÓN [main] org.apache.catalina.startup.HostConfig.deployDirectory Desplegando el directorio [C:\Users\Jacobo.montero\Documents\reservasalasoptimissa\apache-tomcat-9.0.31\webapps\manager] de la aplicación web
26-Feb-2020 08:10:12.828 INFORMACIÓN [main] org.apache.catalina.startup.HostConfig.deployDirectory Deployment of web application directory [C:\Users\Jacobo.montero\Documents\reservasalasoptimissa\apache-tomcat-9.0.31\webapps\manager] has finished in [67] ms
26-Feb-2020 08:10:12.831 INFORMACIÓN [main] org.apache.catalina.startup.HostConfig.deployDirectory Desplegando el directorio [C:\Users\Jacobo.montero\Documents\reservasalasoptimissa\apache-tomcat-9.0.31\webapps\ROOT] de la aplicación web
26-Feb-2020 08:10:12.878 INFORMACIÓN [main] org.apache.catalina.startup.HostConfig.deployDirectory Deployment of web application directory [C:\Users\Jacobo.montero\Documents\reservasalasoptimissa\apache-tomcat-9.0.31\webapps\ROOT] has finished in [48] ms
26-Feb-2020 08:10:12.887 INFORMACIÓN [main] org.apache.coyote.AbstractProtocol.start Starting ProtocolHandler ["http-nio-8080"]
26-Feb-2020 08:10:12.905 INFORMACIÓN [main] org.apache.catalina.startup.Catalina.start Server startup in [22.395] milliseconds
26-Feb-2020 10:16:46.862 INFORMACIÓN [main] org.apache.catalina.core.StandardServer.await Se ha recibido un comando de apagado a través del puerto de apagado. Parando la instancia del Servidor.
26-Feb-2020 10:16:46.867 INFORMACIÓN [main] org.apache.coyote.AbstractProtocol.pause Pausing ProtocolHandler ["http-nio-8080"]
26-Feb-2020 10:16:47.275 INFORMACIÓN [main] org.apache.catalina.core.StandardService.stopInternal Parando servicio [Catalina]
26-Feb-2020 10:16:47.392 ADVERTENCIA [main] org.apache.catalina.loader.WebappClassLoaderBase.clearReferencesJdbc La aplicación web [reserva-0.0.1-SNAPSHOT] registró el conductor JDBC [com.mysql.jdbc.Driver] pero falló al anular el registro mientras la aplicación web estaba parada. Para prevenir un fallo de memoria, se ha anulado el registro del conductor JDBC por la fuerza.
26-Feb-2020 10:16:47.393 ADVERTENCIA [main] org.apache.catalina.loader.WebappClassLoaderBase.clearReferencesThreads The web application [reserva-0.0.1-SNAPSHOT] appears to have started a thread named [Abandoned connection cleanup thread] but has failed to stop it. This is very likely to create a memory leak. Stack trace of thread:
 java.lang.Object.wait(Native Method)
 java.lang.ref.ReferenceQueue.remove(ReferenceQueue.java:144)
 com.mysql.jdbc.AbandonedConnectionCleanupThread.run(AbandonedConnectionCleanupThread.java:64)
 java.util.concurrent.ThreadPoolExecutor.runWorker(ThreadPoolExecutor.java:1149)
 java.util.concurrent.ThreadPoolExecutor$Worker.run(ThreadPoolExecutor.java:624)
 java.lang.Thread.run(Thread.java:748)
26-Feb-2020 10:16:47.435 INFORMACIÓN [main] org.apache.coyote.AbstractProtocol.stop Stopping ProtocolHandler ["http-nio-8080"]
26-Feb-2020 10:16:47.439 INFORMACIÓN [main] org.apache.coyote.AbstractProtocol.destroy Destroying ProtocolHandler ["http-nio-8080"]
