09-Mar-2020 13:31:50.155 INFORMACIÓN [main] org.apache.catalina.core.ApplicationContext.log 2 Spring WebApplicationInitializers detected on classpath
09-Mar-2020 13:31:55.191 INFORMACIÓN [main] org.apache.catalina.core.ApplicationContext.log Initializing Spring embedded WebApplicationContext
09-Mar-2020 13:32:07.620 INFORMACIÓN [main] org.apache.catalina.core.ApplicationContext.log 2 Spring WebApplicationInitializers detected on classpath
09-Mar-2020 13:32:11.095 INFORMACIÓN [main] org.apache.catalina.core.ApplicationContext.log Initializing Spring embedded WebApplicationContext
09-Mar-2020 13:32:19.256 INFORMACIÓN [main] org.apache.catalina.core.ApplicationContext.log ContextListener: contextInitialized()
09-Mar-2020 13:32:19.256 INFORMACIÓN [main] org.apache.catalina.core.ApplicationContext.log SessionListener: contextInitialized()
09-Mar-2020 13:32:19.258 INFORMACIÓN [main] org.apache.catalina.core.ApplicationContext.log ContextListener: attributeAdded('StockTicker', 'async.Stockticker@503d89ac')
09-Mar-2020 13:32:38.776 INFORMACIÓN [http-nio-8080-exec-7] org.apache.catalina.core.ApplicationContext.log Initializing Spring FrameworkServlet 'dispatcherServlet'
09-Mar-2020 13:33:24.431 INFORMACIÓN [Catalina-utility-1] org.apache.catalina.core.ApplicationContext.log Closing Spring root WebApplicationContext
09-Mar-2020 13:33:24.462 GRAVE [Catalina-utility-1] org.apache.catalina.core.StandardContext.listenerStop Excepción enviando evento de contexto destruído a instancia de escuchador de clase [org.springframework.boot.web.support.SpringBootServletInitializer$1]
	java.lang.IllegalStateException: java.io.FileNotFoundException: C:\Users\Jacobo.montero\Documents\reservasalasoptimissa\apache-tomcat-9.0.31\webapps\reserva-0.0.1-SNAPSHOT\WEB-INF\lib\antlr-2.7.7.jar (El sistema no puede encontrar la ruta especificada)
		at org.apache.catalina.webresources.AbstractSingleArchiveResourceSet.getArchiveEntry(AbstractSingleArchiveResourceSet.java:101)
		at org.apache.catalina.webresources.AbstractArchiveResourceSet.getResource(AbstractArchiveResourceSet.java:256)
		at org.apache.catalina.webresources.StandardRoot.getResourceInternal(StandardRoot.java:282)
		at org.apache.catalina.webresources.Cache.getResource(Cache.java:62)
		at org.apache.catalina.webresources.StandardRoot.getResource(StandardRoot.java:217)
		at org.apache.catalina.webresources.StandardRoot.getClassLoaderResource(StandardRoot.java:226)
		at org.apache.catalina.loader.WebappClassLoaderBase.findClassInternal(WebappClassLoaderBase.java:2303)
		at org.apache.catalina.loader.WebappClassLoaderBase.findClass(WebappClassLoaderBase.java:865)
		at org.apache.catalina.loader.WebappClassLoaderBase.loadClass(WebappClassLoaderBase.java:1334)
		at org.apache.catalina.loader.WebappClassLoaderBase.loadClass(WebappClassLoaderBase.java:1188)
		at org.springframework.web.context.ContextLoaderListener.contextDestroyed(ContextLoaderListener.java:117)
		at org.apache.catalina.core.StandardContext.listenerStop(StandardContext.java:4730)
		at org.apache.catalina.core.StandardContext.stopInternal(StandardContext.java:5396)
		at org.apache.catalina.util.LifecycleBase.stop(LifecycleBase.java:257)
		at org.apache.catalina.core.ContainerBase.removeChild(ContainerBase.java:805)
		at org.apache.catalina.startup.HostConfig.undeploy(HostConfig.java:1425)
		at org.apache.catalina.startup.HostConfig.checkResources(HostConfig.java:1352)
		at org.apache.catalina.startup.HostConfig.check(HostConfig.java:1611)
		at org.apache.catalina.startup.HostConfig.lifecycleEvent(HostConfig.java:305)
		at org.apache.catalina.util.LifecycleBase.fireLifecycleEvent(LifecycleBase.java:123)
		at org.apache.catalina.core.ContainerBase.backgroundProcess(ContainerBase.java:1151)
		at org.apache.catalina.core.ContainerBase$ContainerBackgroundProcessor.processChildren(ContainerBase.java:1353)
		at org.apache.catalina.core.ContainerBase$ContainerBackgroundProcessor.processChildren(ContainerBase.java:1357)
		at org.apache.catalina.core.ContainerBase$ContainerBackgroundProcessor.run(ContainerBase.java:1335)
		at java.util.concurrent.Executors$RunnableAdapter.call(Executors.java:511)
		at java.util.concurrent.FutureTask.runAndReset(FutureTask.java:308)
		at java.util.concurrent.ScheduledThreadPoolExecutor$ScheduledFutureTask.access$301(ScheduledThreadPoolExecutor.java:180)
		at java.util.concurrent.ScheduledThreadPoolExecutor$ScheduledFutureTask.run(ScheduledThreadPoolExecutor.java:294)
		at java.util.concurrent.ThreadPoolExecutor.runWorker(ThreadPoolExecutor.java:1149)
		at java.util.concurrent.ThreadPoolExecutor$Worker.run(ThreadPoolExecutor.java:624)
		at org.apache.tomcat.util.threads.TaskThread$WrappingRunnable.run(TaskThread.java:61)
		at java.lang.Thread.run(Thread.java:748)
	Caused by: java.io.FileNotFoundException: C:\Users\Jacobo.montero\Documents\reservasalasoptimissa\apache-tomcat-9.0.31\webapps\reserva-0.0.1-SNAPSHOT\WEB-INF\lib\antlr-2.7.7.jar (El sistema no puede encontrar la ruta especificada)
		at java.util.zip.ZipFile.open(Native Method)
		at java.util.zip.ZipFile.<init>(ZipFile.java:225)
		at java.util.zip.ZipFile.<init>(ZipFile.java:155)
		at java.util.jar.JarFile.<init>(JarFile.java:166)
		at java.util.jar.JarFile.<init>(JarFile.java:130)
		at org.apache.tomcat.util.compat.JreCompat.jarFileNewInstance(JreCompat.java:177)
		at org.apache.tomcat.util.compat.JreCompat.jarFileNewInstance(JreCompat.java:162)
		at org.apache.catalina.webresources.AbstractArchiveResourceSet.openJarFile(AbstractArchiveResourceSet.java:307)
		at org.apache.catalina.webresources.AbstractSingleArchiveResourceSet.getArchiveEntry(AbstractSingleArchiveResourceSet.java:97)
		... 31 more
09-Mar-2020 14:34:48.422 INFORMACIÓN [main] org.apache.catalina.core.ApplicationContext.log Destroying Spring FrameworkServlet 'dispatcherServlet'
09-Mar-2020 14:34:48.424 INFORMACIÓN [main] org.apache.catalina.core.ApplicationContext.log Closing Spring root WebApplicationContext
09-Mar-2020 14:34:48.483 INFORMACIÓN [main] org.apache.catalina.core.ApplicationContext.log SessionListener: contextDestroyed()
09-Mar-2020 14:34:48.483 INFORMACIÓN [main] org.apache.catalina.core.ApplicationContext.log ContextListener: contextDestroyed()
09-Mar-2020 14:35:02.244 INFORMACIÓN [main] org.apache.catalina.core.ApplicationContext.log 2 Spring WebApplicationInitializers detected on classpath
09-Mar-2020 14:35:07.845 INFORMACIÓN [main] org.apache.catalina.core.ApplicationContext.log Initializing Spring embedded WebApplicationContext
09-Mar-2020 14:35:19.806 INFORMACIÓN [main] org.apache.catalina.core.ApplicationContext.log ContextListener: contextInitialized()
09-Mar-2020 14:35:19.806 INFORMACIÓN [main] org.apache.catalina.core.ApplicationContext.log SessionListener: contextInitialized()
09-Mar-2020 14:35:19.810 INFORMACIÓN [main] org.apache.catalina.core.ApplicationContext.log ContextListener: attributeAdded('StockTicker', 'async.Stockticker@143dc03a')
